<?xml version="1.0" encoding="UTF-8"?>
<!-- Generated by org.testng.reporters.JUnitXMLReporter -->
<testsuite hostname="IND-MHP3DW10928" name="Test" tests="19" failures="0" timestamp="31 May 2019 11:22:45 GMT" time="50.454" errors="0">
  <testcase name="accountSettings" time="6.988" classname="testCases.AccountSettingsTestCase"/>
  <testcase name="headerValidation" time="1.034" classname="testCases.AccountSettingsTestCase"/>
  <testcase name="headerValidation" time="1.892" classname="testCases.AccountSettingsTestCase"/>
  <testcase name="headerValidation" time="0.826" classname="testCases.AccountSettingsTestCase"/>
  <testcase name="headerValidation" time="0.621" classname="testCases.AccountSettingsTestCase"/>
  <testcase name="headerValidation" time="0.925" classname="testCases.AccountSettingsTestCase"/>
  <testcase name="headerValidation" time="0.693" classname="testCases.AccountSettingsTestCase"/>
  <testcase name="headerValidation" time="2.095" classname="testCases.AccountSettingsTestCase"/>
  <testcase name="headerValidation" time="0.849" classname="testCases.AccountSettingsTestCase"/>
  <testcase name="headerValidation" time="0.566" classname="testCases.AccountSettingsTestCase"/>
  <testcase name="headerValidation" time="0.95" classname="testCases.AccountSettingsTestCase"/>
  <testcase name="headerValidation" time="0.826" classname="testCases.AccountSettingsTestCase"/>
  <testcase name="headerValidation" time="0.739" classname="testCases.AccountSettingsTestCase"/>
  <testcase name="headerValidation" time="0.767" classname="testCases.AccountSettingsTestCase"/>
  <testcase name="validateAppearance" time="6.846" classname="testCases.AccountSettingsTestCase"/>
  <testcase name="validateUseradded" time="3.35" classname="testCases.AccountSettingsTestCase"/>
  <testcase name="vaildateMileStoneAdded" time="7.227" classname="testCases.AccountSettingsTestCase"/>
  <testcase name="vaildateTracksAdded" time="3.587" classname="testCases.AccountSettingsTestCase"/>
  <testcase name="validateIntegrationConfigurationButtons" time="0.61" classname="testCases.AccountSettingsTestCase"/>
</testsuite> <!-- Test -->
